<?xml version="1.0" encoding="UTF-8"?>
<testsuite name="JUnit Jupiter" tests="4" skipped="0" failures="0" errors="0" time="0.243" hostname="Caisse1" timestamp="2023-05-13T17:35:06">
<properties>
<property name="file.encoding" value="UTF-8"/>
<property name="file.separator" value="\"/>
<property name="java.class.path" value="junit-platform-console-standalone-1.9.3.jar"/>
<property name="java.class.version" value="62.0"/>
<property name="java.home" value="C:\Users\Admin\Downloads\openjdk-18.0.2_windows-x64_bin\jdk-18.0.2"/>
<property name="java.io.tmpdir" value="C:\Users\Admin\AppData\Local\Temp\"/>
<property name="java.library.path" value="C:\Users\Admin\Downloads\openjdk-18.0.2_windows-x64_bin\jdk-18.0.2\bin;C:\WINDOWS\Sun\Java\bin;C:\WINDOWS\system32;C:\WINDOWS;C:\Users\Admin\bin;C:\Program Files\Git\mingw64\bin;C:\Program Files\Git\usr\local\bin;C:\Program Files\Git\usr\bin;C:\Program Files\Git\usr\bin;C:\Program Files\Git\mingw64\bin;C:\Program Files\Git\usr\bin;C:\Users\Admin\bin;C:\WINDOWS\system32;C:\WINDOWS;C:\WINDOWS\System32\Wbem;C:\WINDOWS\System32\WindowsPowerShell\v1.0;C:\WINDOWS\System32\OpenSSH;C:\Program Files\Erlang OTP\bin;C:\Program Files (x86)\Elixir\bin;%USERPROFILE%\.mix\escripts;C:\Program Files\VSCodium\bin;C:\Program Files\dotnet;C:\Program Files\Git\cmd;C:\Program Files\MySQL\MySQL Shell 8.0\bin;C:\Users\Admin\AppData\Local\Microsoft\WindowsApps;C:\Program Files (x86)\MySQL\Connector J 8.0\mysql-connector-java-8.0.30.jar;C:\Users\Admin\Downloads\openjdk-18.0.2_windows-x64_bin\jdk-18.0.2\bin;C:\Program Files\JetBrains\IntelliJ IDEA Community Edition 2022.2.1\bin;C:\Users\Admin\AppData\Local\Programs\Espanso;C:\Program Files\Git\usr\bin\vendor_perl;C:\Program Files\Git\usr\bin\core_perl;."/>
<property name="java.runtime.name" value="OpenJDK Runtime Environment"/>
<property name="java.runtime.version" value="18.0.2+9-61"/>
<property name="java.specification.name" value="Java Platform API Specification"/>
<property name="java.specification.vendor" value="Oracle Corporation"/>
<property name="java.specification.version" value="18"/>
<property name="java.vendor" value="Oracle Corporation"/>
<property name="java.vendor.url" value="https://java.oracle.com/"/>
<property name="java.vendor.url.bug" value="https://bugreport.java.com/bugreport/"/>
<property name="java.version" value="18.0.2"/>
<property name="java.version.date" value="2022-07-19"/>
<property name="java.vm.compressedOopsMode" value="32-bit"/>
<property name="java.vm.info" value="mixed mode, sharing"/>
<property name="java.vm.name" value="OpenJDK 64-Bit Server VM"/>
<property name="java.vm.specification.name" value="Java Virtual Machine Specification"/>
<property name="java.vm.specification.vendor" value="Oracle Corporation"/>
<property name="java.vm.specification.version" value="18"/>
<property name="java.vm.vendor" value="Oracle Corporation"/>
<property name="java.vm.version" value="18.0.2+9-61"/>
<property name="jdk.debug" value="release"/>
<property name="line.separator" value="
"/>
<property name="native.encoding" value="Cp1252"/>
<property name="os.arch" value="amd64"/>
<property name="os.name" value="Windows 10"/>
<property name="os.version" value="10.0"/>
<property name="path.separator" value=";"/>
<property name="sun.arch.data.model" value="64"/>
<property name="sun.boot.library.path" value="C:\Users\Admin\Downloads\openjdk-18.0.2_windows-x64_bin\jdk-18.0.2\bin"/>
<property name="sun.cpu.endian" value="little"/>
<property name="sun.cpu.isalist" value="amd64"/>
<property name="sun.io.unicode.encoding" value="UnicodeLittle"/>
<property name="sun.java.command" value="junit-platform-console-standalone-1.9.3.jar --fail-if-no-tests -cp bin -e junit-jupiter --reports-dir reports -p cx.ksim.dicelock"/>
<property name="sun.java.launcher" value="SUN_STANDARD"/>
<property name="sun.jnu.encoding" value="Cp1252"/>
<property name="sun.management.compiler" value="HotSpot 64-Bit Tiered Compilers"/>
<property name="sun.os.patch.level" value=""/>
<property name="user.country" value="US"/>
<property name="user.dir" value="C:\Users\Admin\Documents\Ksim\DiceLock"/>
<property name="user.home" value="C:\Users\Admin"/>
<property name="user.language" value="en"/>
<property name="user.name" value="Admin"/>
<property name="user.script" value=""/>
<property name="user.timezone" value="America/New_York"/>
<property name="user.variant" value=""/>
</properties>
<testcase name="generateWords(int)[1]" classname="cx.ksim.dicelock.DiceLockTest" time="0.092">
<system-out><![CDATA[
unique-id: [engine:junit-jupiter]/[class:cx.ksim.dicelock.DiceLockTest]/[test-template:generateWords(int)]/[test-template-invocation:#1]
display-name: Should generate 3 words.
]]></system-out>
</testcase>
<testcase name="generateWords(int)[2]" classname="cx.ksim.dicelock.DiceLockTest" time="0.024">
<system-out><![CDATA[
unique-id: [engine:junit-jupiter]/[class:cx.ksim.dicelock.DiceLockTest]/[test-template:generateWords(int)]/[test-template-invocation:#2]
display-name: Should generate 6 words.
]]></system-out>
</testcase>
<testcase name="generateWords(int)[3]" classname="cx.ksim.dicelock.DiceLockTest" time="0.015">
<system-out><![CDATA[
unique-id: [engine:junit-jupiter]/[class:cx.ksim.dicelock.DiceLockTest]/[test-template:generateWords(int)]/[test-template-invocation:#3]
display-name: Should generate 9 words.
]]></system-out>
</testcase>
<testcase name="test()" classname="cx.ksim.dicelock.DiceLockTest" time="0.041">
<system-out><![CDATA[
unique-id: [engine:junit-jupiter]/[class:cx.ksim.dicelock.DiceLockTest]/[method:test()]
display-name: test()
]]></system-out>
</testcase>
<system-out><![CDATA[
unique-id: [engine:junit-jupiter]
display-name: JUnit Jupiter
]]></system-out>
</testsuite>
